#
# There is insufficient memory for the Java Runtime Environment to continue.
# Native memory allocation (malloc) failed to allocate 1071744 bytes for Chunk::new
# Possible reasons:
#   The system is out of physical RAM or swap space
#   The process is running with CompressedOops enabled, and the Java Heap may be blocking the growth of the native heap
# Possible solutions:
#   Reduce memory load on the system
#   Increase physical memory or swap space
#   Check if swap backing store is full
#   Decrease Java heap size (-Xmx/-Xms)
#   Decrease number of Java threads
#   Decrease Java thread stack sizes (-Xss)
#   Set larger code cache with -XX:ReservedCodeCacheSize=
#   JVM is running with Unscaled Compressed Oops mode in which the Java heap is
#     placed in the first 4GB address space. The Java Heap base address is the
#     maximum limit for the native heap growth. Please use -XX:HeapBaseMinAddress
#     to set the Java Heap base and to place the Java Heap above 4GB virtual address.
# This output file may be truncated or incomplete.
#
#  Out of Memory Error (allocation.cpp:389), pid=6020, tid=0x0000000000001db0
#
# JRE version: Java(TM) SE Runtime Environment (8.0_231-b11) (build 1.8.0_231-b11)
# Java VM: Java HotSpot(TM) 64-Bit Server VM (25.231-b11 mixed mode windows-amd64 compressed oops)
# Failed to write core dump. Minidumps are not enabled by default on client versions of Windows
#

---------------  T H R E A D  ---------------

Current thread (0x0000000016ef9800):  JavaThread "C2 CompilerThread0" daemon [_thread_in_native, id=7600, stack(0x0000000018520000,0x0000000018620000)]

Stack: [0x0000000018520000,0x0000000018620000]
[error occurred during error reporting (printing stack bounds), id 0xc0000005]

Native frames: (J=compiled Java code, j=interpreted, Vv=VM code, C=native code)


Current CompileTask:
C2: 211924 12061       4       org.objectweb.asm.commons.Remapper::mapMethodDesc (111 bytes)


---------------  P R O C E S S  ---------------

Java Threads: ( => current thread )
  0x0000000018911000 JavaThread "Memory manager" [_thread_blocked, id=6524, stack(0x00000000258f0000,0x00000000259f0000)]
  0x000000001890e000 JavaThread "Cache worker for execution history cache (C:\Users\user\Documents\FoodManager\.gradle\6.1.1\executionHistory)" [_thread_blocked, id=4904, stack(0x0000000026aa0000,0x0000000026ba0000)]
  0x000000001c029000 JavaThread "Build operations Thread 4" [_thread_in_native, id=10120, stack(0x0000000024ef0000,0x0000000024ff0000)]
  0x000000001c027800 JavaThread "Build operations Thread 3" [_thread_in_Java, id=7192, stack(0x0000000022e20000,0x0000000022f20000)]
  0x000000001c025000 JavaThread "Build operations Thread 2" [_thread_blocked, id=4048, stack(0x0000000022d20000,0x0000000022e20000)]
  0x000000001c026000 JavaThread "Build operations" [_thread_in_Java, id=9912, stack(0x0000000021980000,0x0000000021a80000)]
  0x000000001c026800 JavaThread "Cache worker for Build Output Cleanup Cache (C:\Users\user\Documents\FoodManager\.gradle\buildOutputCleanup)" [_thread_blocked, id=9684, stack(0x0000000021880000,0x0000000021980000)]
  0x000000001c01d800 JavaThread "Cache worker for cache directory md-rule (C:\caches\6.1.1\md-rule)" [_thread_blocked, id=8928, stack(0x00000000206e0000,0x00000000207e0000)]
  0x000000001c024800 JavaThread "Cache worker for cache directory md-supplier (C:\caches\6.1.1\md-supplier)" [_thread_blocked, id=4516, stack(0x00000000205e0000,0x00000000206e0000)]
  0x000000001c01d000 JavaThread "Cache worker for file hash cache (C:\Users\user\Documents\FoodManager\.gradle\6.1.1\fileHashes)" [_thread_blocked, id=9276, stack(0x00000000203e0000,0x00000000204e0000)]
  0x000000001c023800 JavaThread "Cache worker for checksums cache (C:\Users\user\Documents\FoodManager\.gradle\checksums)" [_thread_blocked, id=9548, stack(0x000000001f280000,0x000000001f380000)]
  0x000000001c01c000 JavaThread "Thread-26" [_thread_blocked, id=7996, stack(0x000000001ef80000,0x000000001f080000)]
  0x000000001c021800 JavaThread "Asynchronous log dispatcher for DefaultDaemonConnection: socket connection from /127.0.0.1:59147 to /127.0.0.1:59155" [_thread_blocked, id=9616, stack(0x0000000000740000,0x0000000000840000)]
  0x000000001c020800 JavaThread "Cancel handler" [_thread_blocked, id=9864, stack(0x0000000000640000,0x0000000000740000)]
  0x000000001c020000 JavaThread "Handler for socket connection from /127.0.0.1:59147 to /127.0.0.1:59155" [_thread_in_native, id=1008, stack(0x0000000000540000,0x0000000000640000)]
  0x0000000018910000 JavaThread "Cache worker for execution history cache (C:\caches\6.1.1\executionHistory)" [_thread_blocked, id=9884, stack(0x00000000204e0000,0x00000000205e0000)]
  0x000000001890b000 JavaThread "Cache worker for file hash cache (C:\caches\6.1.1\fileHashes)" [_thread_blocked, id=6244, stack(0x000000001bc10000,0x000000001bd10000)]
  0x000000001890c800 JavaThread "File lock request listener" [_thread_in_native, id=8908, stack(0x000000001bb10000,0x000000001bc10000)]
  0x000000001890b800 JavaThread "Cache worker for journal cache (C:\caches\journal-1)" [_thread_in_vm_trans, id=7248, stack(0x000000001ba10000,0x000000001bb10000)]
  0x0000000018b10800 JavaThread "Daemon worker" [_thread_blocked, id=6856, stack(0x000000001b410000,0x000000001b510000)]
  0x0000000018ec8800 JavaThread "Daemon" [_thread_blocked, id=7796, stack(0x000000001af10000,0x000000001b010000)]
  0x0000000018e7d000 JavaThread "Daemon periodic checks" [_thread_blocked, id=5832, stack(0x000000001ae10000,0x000000001af10000)]
  0x000000001a056800 JavaThread "Incoming local TCP Connector on port 59147" [_thread_in_native, id=5460, stack(0x000000001ac30000,0x000000001ad30000)]
  0x0000000019e2b800 JavaThread "Daemon health stats" [_thread_blocked, id=5480, stack(0x000000001a5f0000,0x000000001a6f0000)]
  0x0000000018741000 JavaThread "Service Thread" daemon [_thread_blocked, id=1208, stack(0x0000000018c20000,0x0000000018d20000)]
  0x0000000018728800 JavaThread "C1 CompilerThread2" daemon [_thread_blocked, id=9876, stack(0x0000000018b20000,0x0000000018c20000)]
  0x0000000016f48000 JavaThread "C2 CompilerThread1" daemon [_thread_in_native, id=452, stack(0x0000000018620000,0x0000000018720000)]
=>0x0000000016ef9800 JavaThread "C2 CompilerThread0" daemon [_thread_in_native, id=7600, stack(0x0000000018520000,0x0000000018620000)]
  0x0000000016ef5800 JavaThread "Attach Listener" daemon [_thread_blocked, id=7088, stack(0x0000000018420000,0x0000000018520000)]
  0x0000000016ef4800 JavaThread "Signal Dispatcher" daemon [_thread_blocked, id=3780, stack(0x0000000018320000,0x0000000018420000)]
  0x00000000022cc800 JavaThread "Finalizer" daemon [_thread_blocked, id=3508, stack(0x0000000018140000,0x0000000018240000)]
  0x0000000016eda000 JavaThread "Reference Handler" daemon [_thread_blocked, id=4056, stack(0x0000000018040000,0x0000000018140000)]
  0x000000000097e000 JavaThread "main" [_thread_blocked, id=9220, stack(0x00000000020d0000,0x00000000021d0000)]

Other Threads:
  0x0000000016eb7800 VMThread [stack: 0x0000000017f40000,0x0000000018040000] [id=6940]
  0x0000000018742000 WatcherThread [stack: 0x0000000018d20000,0x0000000018e20000] [id=5840]

VM state:not at safepoint (normal execution)

VM Mutex/Monitor currently owned by a thread: None

heap address: 0x0000000080000000, size: 2048 MB, Compressed Oops mode: 32-bit
Narrow klass base: 0x0000000000000000, Narrow klass shift: 3
Compressed class space size: 1073741824 Address: 0x0000000100000000

Heap:
 PSYoungGen      total 267776K, used 31869K [0x00000000d5580000, 0x00000000ea600000, 0x0000000100000000)
  eden space 232960K, 3% used [0x00000000d5580000,0x00000000d5cd3a70,0x00000000e3900000)
  from space 34816K, 69% used [0x00000000e8400000,0x00000000e9bcbd48,0x00000000ea600000)
  to   space 32256K, 0% used [0x00000000e3900000,0x00000000e3900000,0x00000000e5880000)
 ParOldGen       total 134144K, used 69444K [0x0000000080000000, 0x0000000088300000, 0x00000000d5580000)
  object space 134144K, 51% used [0x0000000080000000,0x00000000843d1398,0x0000000088300000)
 Metaspace       used 82738K, capacity 86252K, committed 86528K, reserved 1124352K
  class space    used 10967K, capacity 11754K, committed 11776K, reserved 1048576K

Card table byte_map: [0x0000000011690000,0x0000000011aa0000] byte_map_base: 0x0000000011290000

Marking Bits: (ParMarkBitMap*) 0x000000006b8c6d90
 Begin Bits: [0x0000000012150000, 0x0000000014150000)
 End Bits:   [0x0000000014150000, 0x0000000016150000)

Polling page: 0x0000000000910000

CodeCache: size=245760Kb used=36006Kb max_used=36128Kb free=209753Kb
 bounds [0x00000000022d0000, 0x0000000004650000, 0x00000000112d0000]
 total_blobs=11246 nmethods=10373 adapters=783
 compilation: enabled

Compilation events (10 events):
Event: 211.774 Thread 0x0000000018728800 12147       2       org.gradle.internal.execution.history.impl.DefaultExecutionHistoryStore$$Lambda$590/578783712::apply (8 bytes)
Event: 211.774 Thread 0x0000000018728800 nmethod 12147 0x0000000003f6c410 code [0x0000000003f6c580, 0x0000000003f6c818]
Event: 211.774 Thread 0x0000000018728800 12148       2       org.gradle.internal.execution.history.impl.DefaultExecutionHistoryStore::lambda$prepareForSerialization$0 (20 bytes)
Event: 211.775 Thread 0x0000000018728800 nmethod 12148 0x0000000003f6bf90 code [0x0000000003f6c100, 0x0000000003f6c318]
Event: 211.775 Thread 0x0000000018728800 12149       1       org.gradle.internal.execution.steps.SnapshotOutputsStep$1::getFinalOutputs (5 bytes)
Event: 211.775 Thread 0x0000000018728800 nmethod 12149 0x00000000031d3950 code [0x00000000031d3aa0, 0x00000000031d3bb0]
Event: 211.777 Thread 0x0000000018728800 12150 %     3       org.objectweb.asm.commons.Remapper::mapType @ 42 (123 bytes)
Event: 211.780 Thread 0x0000000018728800 nmethod 12150% 0x00000000042003d0 code [0x0000000004200780, 0x0000000004202b68]
Event: 211.783 Thread 0x0000000018728800 12151       3       org.objectweb.asm.commons.Remapper::mapType (123 bytes)
Event: 211.786 Thread 0x0000000018728800 nmethod 12151 0x0000000003bcbdd0 code [0x0000000003bcc160, 0x0000000003bce488]

GC Heap History (10 events):
Event: 95.455 GC heap before
{Heap before GC invocations=16 (full 3):
 PSYoungGen      total 186880K, used 168448K [0x00000000d5580000, 0x00000000e4600000, 0x0000000100000000)
  eden space 168448K, 100% used [0x00000000d5580000,0x00000000dfa00000,0x00000000dfa00000)
  from space 18432K, 0% used [0x00000000e1000000,0x00000000e1000000,0x00000000e2200000)
  to   space 22528K, 0% used [0x00000000dfa00000,0x00000000dfa00000,0x00000000e1000000)
 ParOldGen       total 134144K, used 46017K [0x0000000080000000, 0x0000000088300000, 0x00000000d5580000)
  object space 134144K, 34% used [0x0000000080000000,0x0000000082cf0668,0x0000000088300000)
 Metaspace       used 67750K, capacity 70354K, committed 70656K, reserved 1110016K
  class space    used 9041K, capacity 9633K, committed 9728K, reserved 1048576K
Event: 95.475 GC heap after
Heap after GC invocations=16 (full 3):
 PSYoungGen      total 190976K, used 15998K [0x00000000d5580000, 0x00000000e4a00000, 0x0000000100000000)
  eden space 168448K, 0% used [0x00000000d5580000,0x00000000d5580000,0x00000000dfa00000)
  from space 22528K, 71% used [0x00000000dfa00000,0x00000000e099fb78,0x00000000e1000000)
  to   space 23040K, 0% used [0x00000000e3380000,0x00000000e3380000,0x00000000e4a00000)
 ParOldGen       total 134144K, used 46025K [0x0000000080000000, 0x0000000088300000, 0x00000000d5580000)
  object space 134144K, 34% used [0x0000000080000000,0x0000000082cf2668,0x0000000088300000)
 Metaspace       used 67750K, capacity 70354K, committed 70656K, reserved 1110016K
  class space    used 9041K, capacity 9633K, committed 9728K, reserved 1048576K
}
Event: 107.247 GC heap before
{Heap before GC invocations=17 (full 3):
 PSYoungGen      total 190976K, used 184446K [0x00000000d5580000, 0x00000000e4a00000, 0x0000000100000000)
  eden space 168448K, 100% used [0x00000000d5580000,0x00000000dfa00000,0x00000000dfa00000)
  from space 22528K, 71% used [0x00000000dfa00000,0x00000000e099fb78,0x00000000e1000000)
  to   space 23040K, 0% used [0x00000000e3380000,0x00000000e3380000,0x00000000e4a00000)
 ParOldGen       total 134144K, used 46025K [0x0000000080000000, 0x0000000088300000, 0x00000000d5580000)
  object space 134144K, 34% used [0x0000000080000000,0x0000000082cf2668,0x0000000088300000)
 Metaspace       used 75161K, capacity 78108K, committed 78208K, reserved 1116160K
  class space    used 10142K, capacity 10878K, committed 10880K, reserved 1048576K
Event: 107.280 GC heap after
Heap after GC invocations=17 (full 3):
 PSYoungGen      total 223232K, used 21562K [0x00000000d5580000, 0x00000000e4c00000, 0x0000000100000000)
  eden space 200192K, 0% used [0x00000000d5580000,0x00000000d5580000,0x00000000e1900000)
  from space 23040K, 93% used [0x00000000e3380000,0x00000000e488e828,0x00000000e4a00000)
  to   space 26112K, 0% used [0x00000000e1900000,0x00000000e1900000,0x00000000e3280000)
 ParOldGen       total 134144K, used 46033K [0x0000000080000000, 0x0000000088300000, 0x00000000d5580000)
  object space 134144K, 34% used [0x0000000080000000,0x0000000082cf4668,0x0000000088300000)
 Metaspace       used 75161K, capacity 78108K, committed 78208K, reserved 1116160K
  class space    used 10142K, capacity 10878K, committed 10880K, reserved 1048576K
}
Event: 206.530 GC heap before
{Heap before GC invocations=18 (full 3):
 PSYoungGen      total 223232K, used 221754K [0x00000000d5580000, 0x00000000e4c00000, 0x0000000100000000)
  eden space 200192K, 100% used [0x00000000d5580000,0x00000000e1900000,0x00000000e1900000)
  from space 23040K, 93% used [0x00000000e3380000,0x00000000e488e828,0x00000000e4a00000)
  to   space 26112K, 0% used [0x00000000e1900000,0x00000000e1900000,0x00000000e3280000)
 ParOldGen       total 134144K, used 46033K [0x0000000080000000, 0x0000000088300000, 0x00000000d5580000)
  object space 134144K, 34% used [0x0000000080000000,0x0000000082cf4668,0x0000000088300000)
 Metaspace       used 82059K, capacity 85586K, committed 85760K, reserved 1124352K
  class space    used 10931K, capacity 11717K, committed 11776K, reserved 1048576K
Event: 206.591 GC heap after
Heap after GC invocations=18 (full 3):
 PSYoungGen      total 226304K, used 26100K [0x00000000d5580000, 0x00000000e7980000, 0x0000000100000000)
  eden space 200192K, 0% used [0x00000000d5580000,0x00000000d5580000,0x00000000e1900000)
  from space 26112K, 99% used [0x00000000e1900000,0x00000000e327d108,0x00000000e3280000)
  to   space 33792K, 0% used [0x00000000e5880000,0x00000000e5880000,0x00000000e7980000)
 ParOldGen       total 134144K, used 57037K [0x0000000080000000, 0x0000000088300000, 0x00000000d5580000)
  object space 134144K, 42% used [0x0000000080000000,0x00000000837b3548,0x0000000088300000)
 Metaspace       used 82059K, capacity 85586K, committed 85760K, reserved 1124352K
  class space    used 10931K, capacity 11717K, committed 11776K, reserved 1048576K
}
Event: 208.278 GC heap before
{Heap before GC invocations=19 (full 3):
 PSYoungGen      total 226304K, used 226292K [0x00000000d5580000, 0x00000000e7980000, 0x0000000100000000)
  eden space 200192K, 100% used [0x00000000d5580000,0x00000000e1900000,0x00000000e1900000)
  from space 26112K, 99% used [0x00000000e1900000,0x00000000e327d108,0x00000000e3280000)
  to   space 33792K, 0% used [0x00000000e5880000,0x00000000e5880000,0x00000000e7980000)
 ParOldGen       total 134144K, used 57037K [0x0000000080000000, 0x0000000088300000, 0x00000000d5580000)
  object space 134144K, 42% used [0x0000000080000000,0x00000000837b3548,0x0000000088300000)
 Metaspace       used 82407K, capacity 85918K, committed 86016K, reserved 1124352K
  class space    used 10945K, capacity 11719K, committed 11776K, reserved 1048576K
Event: 208.341 GC heap after
Heap after GC invocations=19 (full 3):
 PSYoungGen      total 266752K, used 15242K [0x00000000d5580000, 0x00000000e8c00000, 0x0000000100000000)
  eden space 232960K, 0% used [0x00000000d5580000,0x00000000d5580000,0x00000000e3900000)
  from space 33792K, 45% used [0x00000000e5880000,0x00000000e67629d8,0x00000000e7980000)
  to   space 32256K, 0% used [0x00000000e3900000,0x00000000e3900000,0x00000000e5880000)
 ParOldGen       total 134144K, used 69428K [0x0000000080000000, 0x0000000088300000, 0x00000000d5580000)
  object space 134144K, 51% used [0x0000000080000000,0x00000000843cd398,0x0000000088300000)
 Metaspace       used 82407K, capacity 85918K, committed 86016K, reserved 1124352K
  class space    used 10945K, capacity 11719K, committed 11776K, reserved 1048576K
}
Event: 211.229 GC heap before
{Heap before GC invocations=20 (full 3):
 PSYoungGen      total 266752K, used 248202K [0x00000000d5580000, 0x00000000e8c00000, 0x0000000100000000)
  eden space 232960K, 100% used [0x00000000d5580000,0x00000000e3900000,0x00000000e3900000)
  from space 33792K, 45% used [0x00000000e5880000,0x00000000e67629d8,0x00000000e7980000)
  to   space 32256K, 0% used [0x00000000e3900000,0x00000000e3900000,0x00000000e5880000)
 ParOldGen       total 134144K, used 69428K [0x0000000080000000, 0x0000000088300000, 0x00000000d5580000)
  object space 134144K, 51% used [0x0000000080000000,0x00000000843cd398,0x0000000088300000)
 Metaspace       used 82685K, capacity 86248K, committed 86528K, reserved 1124352K
  class space    used 10962K, capacity 11754K, committed 11776K, reserved 1048576K
Event: 211.271 GC heap after
Heap after GC invocations=20 (full 3):
 PSYoungGen      total 265216K, used 26710K [0x00000000d5580000, 0x00000000ea600000, 0x0000000100000000)
  eden space 232960K, 0% used [0x00000000d5580000,0x00000000d5580000,0x00000000e3900000)
  from space 32256K, 82% used [0x00000000e3900000,0x00000000e5315930,0x00000000e5880000)
  to   space 34816K, 0% used [0x00000000e8400000,0x00000000e8400000,0x00000000ea600000)
 ParOldGen       total 134144K, used 69436K [0x0000000080000000, 0x0000000088300000, 0x00000000d5580000)
  object space 134144K, 51% used [0x0000000080000000,0x00000000843cf398,0x0000000088300000)
 Metaspace       used 82685K, capacity 86248K, committed 86528K, reserved 1124352K
  class space    used 10962K, capacity 11754K, committed 11776K, reserved 1048576K
}

Deoptimization events (10 events):
Event: 211.121 Thread 0x000000001c029000 Uncommon trap: reason=unstable_if action=reinterpret pc=0x0000000004371a24 method=java.util.regex.Pattern$Begin.match(Ljava/util/regex/Matcher;ILjava/lang/CharSequence;)Z @ 33
Event: 211.121 Thread 0x000000001c029000 Uncommon trap: reason=unstable_if action=reinterpret pc=0x00000000043a2db4 method=com.android.tools.build.jetifier.core.config.Config.isEligibleForRewrite(Lcom/android/tools/build/jetifier/core/type/JavaType;)Z @ 14
Event: 211.153 Thread 0x000000001c029000 Uncommon trap: reason=unstable_if action=reinterpret pc=0x000000000437e380 method=com.android.tools.build.jetifier.core.config.Config.isEligibleForRewrite(Lcom/android/tools/build/jetifier/core/type/JavaType;)Z @ 14
Event: 211.171 Thread 0x000000001c029000 Uncommon trap: reason=unstable_if action=reinterpret pc=0x000000000421f284 method=kotlin.text.StringsKt__StringsKt.contains(Ljava/lang/CharSequence;CZ)Z @ 16
Event: 211.194 Thread 0x000000001c029000 Uncommon trap: reason=bimorphic action=maybe_recompile pc=0x0000000002bc9b34 method=java.util.regex.Pattern$SliceI.match(Ljava/util/regex/Matcher;ILjava/lang/CharSequence;)Z @ 92
Event: 211.206 Thread 0x000000001c026000 Uncommon trap: reason=unstable_if action=reinterpret pc=0x0000000004469514 method=org.objectweb.asm.Label.addLineNumber(I)V @ 48
Event: 211.271 Thread 0x000000001c029000 Uncommon trap: reason=unstable_if action=reinterpret pc=0x00000000041107d4 method=java.nio.file.attribute.FileTime.to(Ljava/util/concurrent/TimeUnit;)J @ 11
Event: 211.271 Thread 0x000000001c029000 Uncommon trap: reason=unstable_if action=reinterpret pc=0x00000000044b416c method=sun.util.calendar.CalendarDate.setMillis(I)Lsun/util/calendar/CalendarDate; @ 5
Event: 211.272 Thread 0x000000001c029000 Uncommon trap: reason=unstable_if action=reinterpret pc=0x000000000456303c method=java.util.zip.ZipUtils.javaToDosTime(J)J @ 22
Event: 211.272 Thread 0x000000001c029000 Uncommon trap: reason=unstable_if action=reinterpret pc=0x00000000044b1278 method=java.util.zip.ZipUtils.javaToDosTime(J)J @ 22

Classes redefined (0 events):
No events

Internal exceptions (10 events):
Event: 210.338 Thread 0x000000001c027800 Exception <a 'sun/nio/fs/WindowsException'> (0x00000000d811c5b8) thrown at [C:\re\workspace\8-2-build-windows-amd64-cygwin\jdk8u231\13620\hotspot\src\share\vm\prims\jni.cpp, line 710]
Event: 210.492 Thread 0x000000001c029000 Exception <a 'sun/nio/fs/WindowsException'> (0x00000000d8c6d798) thrown at [C:\re\workspace\8-2-build-windows-amd64-cygwin\jdk8u231\13620\hotspot\src\share\vm\prims\jni.cpp, line 710]
Event: 210.517 Thread 0x000000001c026000 Exception <a 'sun/nio/fs/WindowsException'> (0x00000000d85ab4e0) thrown at [C:\re\workspace\8-2-build-windows-amd64-cygwin\jdk8u231\13620\hotspot\src\share\vm\prims\jni.cpp, line 710]
Event: 210.770 Thread 0x000000001c026000 Exception <a 'sun/nio/fs/WindowsException'> (0x00000000d8d1ac38) thrown at [C:\re\workspace\8-2-build-windows-amd64-cygwin\jdk8u231\13620\hotspot\src\share\vm\prims\jni.cpp, line 710]
Event: 210.788 Thread 0x000000001c027800 Exception <a 'sun/nio/fs/WindowsException'> (0x00000000d8ef2b20) thrown at [C:\re\workspace\8-2-build-windows-amd64-cygwin\jdk8u231\13620\hotspot\src\share\vm\prims\jni.cpp, line 710]
Event: 211.195 Thread 0x000000001c029000 Exception <a 'sun/nio/fs/WindowsException'> (0x00000000e28d2738) thrown at [C:\re\workspace\8-2-build-windows-amd64-cygwin\jdk8u231\13620\hotspot\src\share\vm\prims\jni.cpp, line 710]
Event: 211.195 Thread 0x000000001c029000 Exception <a 'sun/nio/fs/WindowsException'> (0x00000000e28d3470) thrown at [C:\re\workspace\8-2-build-windows-amd64-cygwin\jdk8u231\13620\hotspot\src\share\vm\prims\jni.cpp, line 710]
Event: 211.195 Thread 0x000000001c029000 Exception <a 'sun/nio/fs/WindowsException'> (0x00000000e28d4e50) thrown at [C:\re\workspace\8-2-build-windows-amd64-cygwin\jdk8u231\13620\hotspot\src\share\vm\prims\jni.cpp, line 710]
Event: 211.195 Thread 0x000000001c029000 Exception <a 'sun/nio/fs/WindowsException'> (0x00000000e28d5b40) thrown at [C:\re\workspace\8-2-build-windows-amd64-cygwin\jdk8u231\13620\hotspot\src\share\vm\prims\jni.cpp, line 710]
Event: 211.271 Thread 0x000000001c029000 Implicit null exception at 0x0000000004110714 to 0x00000000041107bd

Events (10 events):
Event: 211.735 loading class org/gradle/api/internal/changedetection/state/StreamZipInput$1
Event: 211.735 loading class org/gradle/api/internal/changedetection/state/StreamZipInput$1 done
Event: 211.735 loading class org/gradle/api/internal/changedetection/state/ZipEntry
Event: 211.735 loading class org/gradle/api/internal/changedetection/state/ZipEntry done
Event: 211.736 loading class org/gradle/api/internal/changedetection/state/JdkZipEntry
Event: 211.736 loading class org/gradle/api/internal/changedetection/state/JdkZipEntry done
Event: 211.736 loading class org/gradle/api/internal/changedetection/state/StreamZipInput$1$1
Event: 211.736 loading class org/gradle/api/internal/changedetection/state/StreamZipInput$1$1 done
Event: 211.737 loading class org/gradle/api/internal/changedetection/state/ZipHasher$ZipEntryRelativePath
Event: 211.737 loading class org/gradle/api/internal/changedetection/state/ZipHasher$ZipEntryRelativePath done


Dynamic libraries:
0x00007ff6b5110000 - 0x00007ff6b5147000 	C:\Program Files\Java\jdk1.8.0_231\bin\java.exe
0x00007ffd21b10000 - 0x00007ffd21cd2000 	C:\Windows\SYSTEM32\ntdll.dll
0x00007ffd21780000 - 0x00007ffd2182d000 	C:\Windows\system32\KERNEL32.DLL
0x00007ffd1ef90000 - 0x00007ffd1f16d000 	C:\Windows\system32\KERNELBASE.dll
0x00007ffd216d0000 - 0x00007ffd21776000 	C:\Windows\system32\ADVAPI32.dll
0x00007ffd1f720000 - 0x00007ffd1f7bd000 	C:\Windows\system32\msvcrt.dll
0x00007ffd1f570000 - 0x00007ffd1f5cb000 	C:\Windows\system32\sechost.dll
0x00007ffd21830000 - 0x00007ffd21956000 	C:\Windows\system32\RPCRT4.dll
0x00007ffd21200000 - 0x00007ffd2134e000 	C:\Windows\system32\USER32.dll
0x00007ffd1f210000 - 0x00007ffd1f393000 	C:\Windows\system32\GDI32.dll
0x00007ffd102e0000 - 0x00007ffd10554000 	C:\Windows\WinSxS\amd64_microsoft.windows.common-controls_6595b64144ccf1df_6.0.10240.17184_none_f41d7a705752bce6\COMCTL32.dll
0x00007ffd1f1d0000 - 0x00007ffd1f206000 	C:\Windows\system32\IMM32.DLL
0x00007ffd21350000 - 0x00007ffd214ac000 	C:\Windows\system32\MSCTF.dll
0x000000006b950000 - 0x000000006ba22000 	C:\Program Files\Java\jdk1.8.0_231\jre\bin\msvcr100.dll
0x000000006b0a0000 - 0x000000006b946000 	C:\Program Files\Java\jdk1.8.0_231\jre\bin\server\jvm.dll
0x00007ffd21b00000 - 0x00007ffd21b08000 	C:\Windows\system32\PSAPI.DLL
0x00007ffd18410000 - 0x00007ffd1841a000 	C:\Windows\SYSTEM32\VERSION.dll
0x00007ffd1bea0000 - 0x00007ffd1bec3000 	C:\Windows\SYSTEM32\WINMM.dll
0x00007ffcff970000 - 0x00007ffcff979000 	C:\Windows\SYSTEM32\WSOCK32.dll
0x00007ffd1fb90000 - 0x00007ffd1fbf9000 	C:\Windows\system32\WS2_32.dll
0x00007ffd1be70000 - 0x00007ffd1be9c000 	C:\Windows\SYSTEM32\WINMMBASE.dll
0x00007ffd21a10000 - 0x00007ffd21a18000 	C:\Windows\system32\NSI.dll
0x00007ffd1e5d0000 - 0x00007ffd1e614000 	C:\Windows\system32\cfgmgr32.dll
0x00007ffd1ceb0000 - 0x00007ffd1ced7000 	C:\Windows\SYSTEM32\DEVOBJ.dll
0x00007ffd16400000 - 0x00007ffd1640f000 	C:\Program Files\Java\jdk1.8.0_231\jre\bin\verify.dll
0x00007ffd0faf0000 - 0x00007ffd0fb19000 	C:\Program Files\Java\jdk1.8.0_231\jre\bin\java.dll
0x00007ffd15ac0000 - 0x00007ffd15ad6000 	C:\Program Files\Java\jdk1.8.0_231\jre\bin\zip.dll
0x00007ffd1fc00000 - 0x00007ffd21123000 	C:\Windows\system32\SHELL32.dll
0x00007ffd1e6d0000 - 0x00007ffd1ecf9000 	C:\Windows\system32\windows.storage.dll
0x00007ffd1f910000 - 0x00007ffd1fb8c000 	C:\Windows\system32\combase.dll
0x00007ffd1f8a0000 - 0x00007ffd1f8f1000 	C:\Windows\system32\shlwapi.dll
0x00007ffd1e550000 - 0x00007ffd1e55f000 	C:\Windows\system32\kernel.appcore.dll
0x00007ffd1eed0000 - 0x00007ffd1ef83000 	C:\Windows\system32\shcore.dll
0x00007ffd1e580000 - 0x00007ffd1e5ca000 	C:\Windows\system32\powrprof.dll
0x00007ffd1e530000 - 0x00007ffd1e543000 	C:\Windows\system32\profapi.dll
0x00007ffd14e00000 - 0x00007ffd14e1a000 	C:\Program Files\Java\jdk1.8.0_231\jre\bin\net.dll
0x00007ffd1dd90000 - 0x00007ffd1dded000 	C:\Windows\system32\mswsock.dll
0x00007ffd14910000 - 0x00007ffd14922000 	C:\Program Files\Java\jdk1.8.0_231\jre\bin\nio.dll
0x00007ffd14bd0000 - 0x00007ffd14bf6000 	C:\native\31\windows-amd64\native-platform.dll
0x00007ffd163f0000 - 0x00007ffd163fd000 	C:\Program Files\Java\jdk1.8.0_231\jre\bin\management.dll
0x00007ffd1ddf0000 - 0x00007ffd1de07000 	C:\Windows\SYSTEM32\CRYPTSP.dll
0x00007ffd1e070000 - 0x00007ffd1e098000 	C:\Windows\SYSTEM32\bcrypt.dll
0x00007ffd1da40000 - 0x00007ffd1da73000 	C:\Windows\system32\rsaenh.dll
0x00007ffd1db30000 - 0x00007ffd1db4f000 	C:\Windows\SYSTEM32\USERENV.dll
0x00007ffd1e380000 - 0x00007ffd1e3eb000 	C:\Windows\system32\bcryptprimitives.dll
0x00007ffd1df70000 - 0x00007ffd1df7b000 	C:\Windows\SYSTEM32\CRYPTBASE.dll
0x00007ffd1c4b0000 - 0x00007ffd1c4e8000 	C:\Windows\SYSTEM32\IPHLPAPI.DLL
0x00007ffd1c350000 - 0x00007ffd1c35b000 	C:\Windows\SYSTEM32\WINNSI.DLL
0x00007ffd17060000 - 0x00007ffd17076000 	C:\Windows\SYSTEM32\dhcpcsvc6.DLL
0x00007ffd17040000 - 0x00007ffd1705a000 	C:\Windows\SYSTEM32\dhcpcsvc.DLL
0x00007ffd0b910000 - 0x00007ffd0b934000 	C:\Program Files\Java\jdk1.8.0_231\jre\bin\sunec.dll
0x00007ffd1db50000 - 0x00007ffd1dbf8000 	C:\Windows\SYSTEM32\DNSAPI.dll
0x00007ffd13440000 - 0x00007ffd1344a000 	C:\Windows\System32\rasadhlp.dll
0x00007ffd17120000 - 0x00007ffd17188000 	C:\Windows\System32\fwpuclnt.dll
0x00007ffd148b0000 - 0x00007ffd148bb000 	C:\Program Files\Java\jdk1.8.0_231\jre\bin\sunmscapi.dll
0x00007ffd1ed00000 - 0x00007ffd1eec1000 	C:\Windows\system32\CRYPT32.dll
0x00007ffd1e560000 - 0x00007ffd1e571000 	C:\Windows\system32\MSASN1.dll
0x00007ffd1d8d0000 - 0x00007ffd1d902000 	C:\Windows\SYSTEM32\ntmarta.dll

VM Arguments:
jvm_args: -Xmx2048m -Dfile.encoding=UTF-8 -Duser.country=US -Duser.language=en -Duser.variant 
java_command: org.gradle.launcher.daemon.bootstrap.GradleDaemon 6.1.1
java_class_path (initial): C:\wrapper\dists\gradle-6.1.1-all\cfmwm155h49vnt3hynmlrsdst\gradle-6.1.1\lib\gradle-launcher-6.1.1.jar
Launcher Type: SUN_STANDARD

Environment Variables:
JAVA_HOME=C:\Program Files\Java\jdk1.8.0_231
PATH=C:\Windows\system32;C:\Windows;C:\Windows\System32\Wbem;C:\Windows\System32\WindowsPowerShell\v1.0\;C:\Program Files\Java\jdk-11.0.2\bin;C:\Program Files\Java\jdk1.8.0_231\bin;C:\Users\user\AppData\Local\Programs\Python\Python38;C:\Program Files\Git\cmd;C:\Program Files\Microsoft VS Code\bin;C:\Program Files\nodejs\;C\:\Users\\user\AppData\Local\Android\Sdk;C:\Users\user\AppData\Local\Android\Sdk\platform-tools;C:\Ruby27-x64\bin;C:\Program Files\Java\jdk-11.0.2\bin;C:\Program Files\Java\jdk1.8.0_231\bin;C:\Users\user\AppData\Roaming\Dashlane\6.2007.0.32704\bin\Firefox_Extension\{442718d9-475e-452a-b3e1-fb1ee16b8e9f}\components;C:\Users\user\AppData\Roaming\Dashlane\6.2007.0.32704\ucrt;C:\Users\user\AppData\Roaming\Dashlane\6.2007.0.32704\bin\Qt;C:\Users\user\AppData\Roaming\Dashlane\6.2007.0.32704\bin\Ssl;C:\Users\user\AppData\Roaming\npm;C:\Program Files\JetBrains\IntelliJ IDEA Community Edition 2021.1.3\bin;
USERNAME=JUST
OS=Windows_NT
PROCESSOR_IDENTIFIER=Intel64 Family 6 Model 69 Stepping 1, GenuineIntel



---------------  S Y S T E M  ---------------

OS: Windows 10.0 , 64 bit Build 10240 (10.0.10240.17113)

CPU:total 4 (initial active 4) (2 cores per cpu, 2 threads per core) family 6 model 69 stepping 1, cmov, cx8, fxsr, mmx, sse, sse2, sse3, ssse3, sse4.1, sse4.2, popcnt, avx, avx2, aes, clmul, erms, lzcnt, ht, tsc, tscinvbit, bmi1, bmi2

Memory: 4k page, physical 8068924k(1435344k free), swap 9469756k(5504k free)

vm_info: Java HotSpot(TM) 64-Bit Server VM (25.231-b11) for windows-amd64 JRE (1.8.0_231-b11), built on Oct  5 2019 03:11:30 by "java_re" with MS VC++ 10.0 (VS2010)

time: Mon Jul 05 14:11:47 2021
timezone: E. Africa Standard Time
elapsed time: 211 seconds (0d 0h 3m 31s)

